Start testing: Oct 19 00:09 EDT
----------------------------------------------------------
1/24 Testing: GridMapTest.AllFreeCells
1/24 Test: GridMapTest.AllFreeCells
Command: "/home/peera/A-star-algorithm/build/map_test" "--gtest_filter=GridMapTest.AllFreeCells" "--gtest_also_run_disabled_tests"
Directory: /home/peera/A-star-algorithm/build
"GridMapTest.AllFreeCells" start time: Oct 19 00:09 EDT
Output:
----------------------------------------------------------
Running main() from /home/peera/A-star-algorithm/build/_deps/googletest-src/googletest/src/gtest_main.cc
Note: Google Test filter = GridMapTest.AllFreeCells
[==========] Running 1 test from 1 test suite.
[----------] Global test environment set-up.
[----------] 1 test from GridMapTest
[ RUN      ] GridMapTest.AllFreeCells
Image directory: "/home/peera/A-star-algorithm/images"
Loading map from file: test1.png
Loading image file test1.png
Image does not have alpha channel.
First ten elements of normalized matrix:
0 0 0 0 0 0 0 0 0 0 0 0 0 0 0 0 0 0 0 0 
No matrix decomposition applied.
First ten elements of initialized result matrix:
-1 -1 -1 -1 -1 -1 -1 -1 -1 -1 -1 -1 -1 -1 -1 -1 -1 -1 -1 -1 First ten elements of result matrix:
0 0 0 0 0 0 0 0 0 0 0 0 0 0 0 0 0 0 0 0 
Random grid data value: 0
First grid cell value: 0
[       OK ] GridMapTest.AllFreeCells (14 ms)
[----------] 1 test from GridMapTest (14 ms total)

[----------] Global test environment tear-down
[==========] 1 test from 1 test suite ran. (15 ms total)
[  PASSED  ] 1 test.
<end of output>
Test time =   0.07 sec
----------------------------------------------------------
Test Passed.
"GridMapTest.AllFreeCells" end time: Oct 19 00:09 EDT
"GridMapTest.AllFreeCells" time elapsed: 00:00:00
----------------------------------------------------------

2/24 Testing: GridMapTest.AllOccupiedCells
2/24 Test: GridMapTest.AllOccupiedCells
Command: "/home/peera/A-star-algorithm/build/map_test" "--gtest_filter=GridMapTest.AllOccupiedCells" "--gtest_also_run_disabled_tests"
Directory: /home/peera/A-star-algorithm/build
"GridMapTest.AllOccupiedCells" start time: Oct 19 00:09 EDT
Output:
----------------------------------------------------------
Running main() from /home/peera/A-star-algorithm/build/_deps/googletest-src/googletest/src/gtest_main.cc
Note: Google Test filter = GridMapTest.AllOccupiedCells
[==========] Running 1 test from 1 test suite.
[----------] Global test environment set-up.
[----------] 1 test from GridMapTest
[ RUN      ] GridMapTest.AllOccupiedCells
Image directory: "/home/peera/A-star-algorithm/images"
Loading map from file: test2.png
Loading image file test2.png
Image does not have alpha channel.
First ten elements of normalized matrix:
1 1 1 1 1 1 1 1 1 1 1 1 1 1 1 1 1 1 1 1 
No matrix decomposition applied.
First ten elements of initialized result matrix:
-1 -1 -1 -1 -1 -1 -1 -1 -1 -1 -1 -1 -1 -1 -1 -1 -1 -1 -1 -1 First ten elements of result matrix:
100 100 100 100 100 100 100 100 100 100 100 100 100 100 100 100 100 100 100 100 
Random grid data value: 100
[       OK ] GridMapTest.AllOccupiedCells (13 ms)
[----------] 1 test from GridMapTest (13 ms total)

[----------] Global test environment tear-down
[==========] 1 test from 1 test suite ran. (13 ms total)
[  PASSED  ] 1 test.
<end of output>
Test time =   0.06 sec
----------------------------------------------------------
Test Passed.
"GridMapTest.AllOccupiedCells" end time: Oct 19 00:09 EDT
"GridMapTest.AllOccupiedCells" time elapsed: 00:00:00
----------------------------------------------------------

3/24 Testing: GridMapTest.MixedCells
3/24 Test: GridMapTest.MixedCells
Command: "/home/peera/A-star-algorithm/build/map_test" "--gtest_filter=GridMapTest.MixedCells" "--gtest_also_run_disabled_tests"
Directory: /home/peera/A-star-algorithm/build
"GridMapTest.MixedCells" start time: Oct 19 00:09 EDT
Output:
----------------------------------------------------------
Running main() from /home/peera/A-star-algorithm/build/_deps/googletest-src/googletest/src/gtest_main.cc
Note: Google Test filter = GridMapTest.MixedCells
[==========] Running 1 test from 1 test suite.
[----------] Global test environment set-up.
[----------] 1 test from GridMapTest
[ RUN      ] GridMapTest.MixedCells
Image directory: "/home/peera/A-star-algorithm/images"
Loading map from file: test3.png
Loading image file test3.png
Image does not have alpha channel.
First ten elements of normalized matrix:
0 0 0 0 0 0 0 0 0 0 0 0 0 0 0 0 0 0 0 0 
No matrix decomposition applied.
First ten elements of initialized result matrix:
-1 -1 -1 -1 -1 -1 -1 -1 -1 -1 -1 -1 -1 -1 -1 -1 -1 -1 -1 -1 First ten elements of result matrix:
0 0 0 0 0 0 0 0 0 0 0 0 0 0 0 0 0 0 0 0 
Random grid data value: 0
[       OK ] GridMapTest.MixedCells (26 ms)
[----------] 1 test from GridMapTest (26 ms total)

[----------] Global test environment tear-down
[==========] 1 test from 1 test suite ran. (26 ms total)
[  PASSED  ] 1 test.
<end of output>
Test time =   0.07 sec
----------------------------------------------------------
Test Passed.
"GridMapTest.MixedCells" end time: Oct 19 00:09 EDT
"GridMapTest.MixedCells" time elapsed: 00:00:00
----------------------------------------------------------

4/24 Testing: GridMapTest.CellsWithUnknown
4/24 Test: GridMapTest.CellsWithUnknown
Command: "/home/peera/A-star-algorithm/build/map_test" "--gtest_filter=GridMapTest.CellsWithUnknown" "--gtest_also_run_disabled_tests"
Directory: /home/peera/A-star-algorithm/build
"GridMapTest.CellsWithUnknown" start time: Oct 19 00:09 EDT
Output:
----------------------------------------------------------
Running main() from /home/peera/A-star-algorithm/build/_deps/googletest-src/googletest/src/gtest_main.cc
Note: Google Test filter = GridMapTest.CellsWithUnknown
[==========] Running 1 test from 1 test suite.
[----------] Global test environment set-up.
[----------] 1 test from GridMapTest
[ RUN      ] GridMapTest.CellsWithUnknown
Image directory: "/home/peera/A-star-algorithm/images"
Loading map from file: test4.png
Loading image file test4.png
Image does not have alpha channel.
First ten elements of normalized matrix:
1 0.994995 0.990005 0.985 0.979995 0.975006 0.970001 0.964996 0.960006 0.955001 0.949996 0.945006 0.940002 0.934997 0.930007 0.925002 0.919997 0.915007 0.910002 0.904997 
No matrix decomposition applied.
First ten elements of initialized result matrix:
-1 -1 -1 -1 -1 -1 -1 -1 -1 -1 -1 -1 -1 -1 -1 -1 -1 -1 -1 -1 First ten elements of result matrix:
100 100 100 100 100 100 100 100 100 100 100 100 100 100 100 100 100 100 100 100 
Random grid data value: 0
[       OK ] GridMapTest.CellsWithUnknown (15 ms)
[----------] 1 test from GridMapTest (15 ms total)

[----------] Global test environment tear-down
[==========] 1 test from 1 test suite ran. (16 ms total)
[  PASSED  ] 1 test.
<end of output>
Test time =   0.07 sec
----------------------------------------------------------
Test Passed.
"GridMapTest.CellsWithUnknown" end time: Oct 19 00:09 EDT
"GridMapTest.CellsWithUnknown" time elapsed: 00:00:00
----------------------------------------------------------

5/24 Testing: GridMapTest.CellsWithAlpha
5/24 Test: GridMapTest.CellsWithAlpha
Command: "/home/peera/A-star-algorithm/build/map_test" "--gtest_filter=GridMapTest.CellsWithAlpha" "--gtest_also_run_disabled_tests"
Directory: /home/peera/A-star-algorithm/build
"GridMapTest.CellsWithAlpha" start time: Oct 19 00:09 EDT
Output:
----------------------------------------------------------
Running main() from /home/peera/A-star-algorithm/build/_deps/googletest-src/googletest/src/gtest_main.cc
Note: Google Test filter = GridMapTest.CellsWithAlpha
[==========] Running 1 test from 1 test suite.
[----------] Global test environment set-up.
[----------] 1 test from GridMapTest
[ RUN      ] GridMapTest.CellsWithAlpha
Image directory: "/home/peera/A-star-algorithm/images"
Loading map from file: test5.png
Loading image file test5.png
Image has alpha channel.
First ten elements of normalized matrix:
0 0 0 0 0 0 0 0 0 0 0 0 0 0 0 0 0 0 0 0 
No matrix decomposition applied.
First ten elements of initialized result matrix:
-1 -1 -1 -1 -1 -1 -1 -1 -1 -1 -1 -1 -1 -1 -1 -1 -1 -1 -1 -1 First ten elements of result matrix:
-1 -1 -1 -1 -1 -1 -1 -1 -1 -1 -1 -1 -1 -1 -1 -1 -1 -1 -1 -1 
Random grid data value: -1
[       OK ] GridMapTest.CellsWithAlpha (23 ms)
[----------] 1 test from GridMapTest (23 ms total)

[----------] Global test environment tear-down
[==========] 1 test from 1 test suite ran. (23 ms total)
[  PASSED  ] 1 test.
<end of output>
Test time =   0.08 sec
----------------------------------------------------------
Test Passed.
"GridMapTest.CellsWithAlpha" end time: Oct 19 00:09 EDT
"GridMapTest.CellsWithAlpha" time elapsed: 00:00:00
----------------------------------------------------------

6/24 Testing: GridMapTest.PartialAlpha
6/24 Test: GridMapTest.PartialAlpha
Command: "/home/peera/A-star-algorithm/build/map_test" "--gtest_filter=GridMapTest.PartialAlpha" "--gtest_also_run_disabled_tests"
Directory: /home/peera/A-star-algorithm/build
"GridMapTest.PartialAlpha" start time: Oct 19 00:09 EDT
Output:
----------------------------------------------------------
Running main() from /home/peera/A-star-algorithm/build/_deps/googletest-src/googletest/src/gtest_main.cc
Note: Google Test filter = GridMapTest.PartialAlpha
[==========] Running 1 test from 1 test suite.
[----------] Global test environment set-up.
[----------] 1 test from GridMapTest
[ RUN      ] GridMapTest.PartialAlpha
Image directory: "/home/peera/A-star-algorithm/images"
Loading map from file: test6.png
Loading image file test6.png
Image does not have alpha channel.
First ten elements of normalized matrix:
0.393668 0.393668 0.393668 0.393668 0.393668 0.393668 0.393668 0.393668 0.393668 0.393668 0.393668 0.393668 0.393668 0.393668 0.393668 0.393668 0.393668 0.393668 0.393668 0.393668 
No matrix decomposition applied.
First ten elements of initialized result matrix:
-1 -1 -1 -1 -1 -1 -1 -1 -1 -1 -1 -1 -1 -1 -1 -1 -1 -1 -1 -1 First ten elements of result matrix:
-1 -1 -1 -1 -1 -1 -1 -1 -1 -1 -1 -1 -1 -1 -1 -1 -1 -1 -1 -1 
Random grid data value: 0
[       OK ] GridMapTest.PartialAlpha (14 ms)
[----------] 1 test from GridMapTest (14 ms total)

[----------] Global test environment tear-down
[==========] 1 test from 1 test suite ran. (14 ms total)
[  PASSED  ] 1 test.
<end of output>
Test time =   0.06 sec
----------------------------------------------------------
Test Passed.
"GridMapTest.PartialAlpha" end time: Oct 19 00:09 EDT
"GridMapTest.PartialAlpha" time elapsed: 00:00:00
----------------------------------------------------------

7/24 Testing: GridMapTest.DecomposeImage
7/24 Test: GridMapTest.DecomposeImage
Command: "/home/peera/A-star-algorithm/build/map_test" "--gtest_filter=GridMapTest.DecomposeImage" "--gtest_also_run_disabled_tests"
Directory: /home/peera/A-star-algorithm/build
"GridMapTest.DecomposeImage" start time: Oct 19 00:09 EDT
Output:
----------------------------------------------------------
Running main() from /home/peera/A-star-algorithm/build/_deps/googletest-src/googletest/src/gtest_main.cc
Note: Google Test filter = GridMapTest.DecomposeImage
[==========] Running 1 test from 1 test suite.
[----------] Global test environment set-up.
[----------] 1 test from GridMapTest
[ RUN      ] GridMapTest.DecomposeImage
Image directory: "/home/peera/A-star-algorithm/images"
Loading map from file: test1.png
Loading image file test1.png
Image does not have alpha channel.
First ten elements of normalized matrix:
0 0 0 0 0 0 0 0 0 0 0 0 0 0 0 0 0 0 0 0 
Applying matrix decomposition with resolution: 4
Coarse matrix dimensions: 50 x 25
Random grid data value: 0
[       OK ] GridMapTest.DecomposeImage (9 ms)
[----------] 1 test from GridMapTest (9 ms total)

[----------] Global test environment tear-down
[==========] 1 test from 1 test suite ran. (10 ms total)
[  PASSED  ] 1 test.
<end of output>
Test time =   0.06 sec
----------------------------------------------------------
Test Passed.
"GridMapTest.DecomposeImage" end time: Oct 19 00:09 EDT
"GridMapTest.DecomposeImage" time elapsed: 00:00:00
----------------------------------------------------------

8/24 Testing: GridMapTest.DecomposeObstacledImage
8/24 Test: GridMapTest.DecomposeObstacledImage
Command: "/home/peera/A-star-algorithm/build/map_test" "--gtest_filter=GridMapTest.DecomposeObstacledImage" "--gtest_also_run_disabled_tests"
Directory: /home/peera/A-star-algorithm/build
"GridMapTest.DecomposeObstacledImage" start time: Oct 19 00:09 EDT
Output:
----------------------------------------------------------
Running main() from /home/peera/A-star-algorithm/build/_deps/googletest-src/googletest/src/gtest_main.cc
Note: Google Test filter = GridMapTest.DecomposeObstacledImage
[==========] Running 1 test from 1 test suite.
[----------] Global test environment set-up.
[----------] 1 test from GridMapTest
[ RUN      ] GridMapTest.DecomposeObstacledImage
Image directory: "/home/peera/A-star-algorithm/images"
Loading map from file: test3.png
Loading image file test3.png
Image does not have alpha channel.
First ten elements of normalized matrix:
0 0 0 0 0 0 0 0 0 0 0 0 0 0 0 0 0 0 0 0 
Applying matrix decomposition with resolution: 4
Coarse matrix dimensions: 50 x 50
Random grid data value: 100
[       OK ] GridMapTest.DecomposeObstacledImage (17 ms)
[----------] 1 test from GridMapTest (17 ms total)

[----------] Global test environment tear-down
[==========] 1 test from 1 test suite ran. (17 ms total)
[  PASSED  ] 1 test.
<end of output>
Test time =   0.07 sec
----------------------------------------------------------
Test Passed.
"GridMapTest.DecomposeObstacledImage" end time: Oct 19 00:09 EDT
"GridMapTest.DecomposeObstacledImage" time elapsed: 00:00:00
----------------------------------------------------------

9/24 Testing: GridMapTest.DecomposeMapImage
9/24 Test: GridMapTest.DecomposeMapImage
Command: "/home/peera/A-star-algorithm/build/map_test" "--gtest_filter=GridMapTest.DecomposeMapImage" "--gtest_also_run_disabled_tests"
Directory: /home/peera/A-star-algorithm/build
"GridMapTest.DecomposeMapImage" start time: Oct 19 00:09 EDT
Output:
----------------------------------------------------------
Running main() from /home/peera/A-star-algorithm/build/_deps/googletest-src/googletest/src/gtest_main.cc
Note: Google Test filter = GridMapTest.DecomposeMapImage
[==========] Running 1 test from 1 test suite.
[----------] Global test environment set-up.
[----------] 1 test from GridMapTest
[ RUN      ] GridMapTest.DecomposeMapImage
Image directory: "/home/peera/A-star-algorithm/images"
Loading map from file: test9.png
Loading image file test9.png
Image does not have alpha channel.
First ten elements of normalized matrix:
0 0 0 0 0 0 0 0 0 0 0 0 0 0 0 0 0 0 0 0 
Applying matrix decomposition with resolution: 4
Coarse matrix dimensions: 149 x 125
Random grid data value: 0
[       OK ] GridMapTest.DecomposeMapImage (107 ms)
[----------] 1 test from GridMapTest (107 ms total)

[----------] Global test environment tear-down
[==========] 1 test from 1 test suite ran. (107 ms total)
[  PASSED  ] 1 test.
<end of output>
Test time =   0.16 sec
----------------------------------------------------------
Test Passed.
"GridMapTest.DecomposeMapImage" end time: Oct 19 00:09 EDT
"GridMapTest.DecomposeMapImage" time elapsed: 00:00:00
----------------------------------------------------------

10/24 Testing: GridMapTest.CheckObstacleMapImage
10/24 Test: GridMapTest.CheckObstacleMapImage
Command: "/home/peera/A-star-algorithm/build/map_test" "--gtest_filter=GridMapTest.CheckObstacleMapImage" "--gtest_also_run_disabled_tests"
Directory: /home/peera/A-star-algorithm/build
"GridMapTest.CheckObstacleMapImage" start time: Oct 19 00:09 EDT
Output:
----------------------------------------------------------
Running main() from /home/peera/A-star-algorithm/build/_deps/googletest-src/googletest/src/gtest_main.cc
Note: Google Test filter = GridMapTest.CheckObstacleMapImage
[==========] Running 1 test from 1 test suite.
[----------] Global test environment set-up.
[----------] 1 test from GridMapTest
[ RUN      ] GridMapTest.CheckObstacleMapImage
Image directory: "/home/peera/A-star-algorithm/images"
Loading map from file: test9.png
Loading image file test9.png
Image does not have alpha channel.
First ten elements of normalized matrix:
0 0 0 0 0 0 0 0 0 0 0 0 0 0 0 0 0 0 0 0 
No matrix decomposition applied.
First ten elements of initialized result matrix:
-1 -1 -1 -1 -1 -1 -1 -1 -1 -1 -1 -1 -1 -1 -1 -1 -1 -1 -1 -1 First ten elements of result matrix:
0 0 0 0 0 0 0 0 0 0 0 0 0 0 0 0 0 0 0 0 
Random grid data value: 0
[       OK ] GridMapTest.CheckObstacleMapImage (180 ms)
[----------] 1 test from GridMapTest (180 ms total)

[----------] Global test environment tear-down
[==========] 1 test from 1 test suite ran. (180 ms total)
[  PASSED  ] 1 test.
<end of output>
Test time =   0.23 sec
----------------------------------------------------------
Test Passed.
"GridMapTest.CheckObstacleMapImage" end time: Oct 19 00:09 EDT
"GridMapTest.CheckObstacleMapImage" time elapsed: 00:00:00
----------------------------------------------------------

11/24 Testing: GridMapTest.CheckObstacleMapImageWithDecomposition
11/24 Test: GridMapTest.CheckObstacleMapImageWithDecomposition
Command: "/home/peera/A-star-algorithm/build/map_test" "--gtest_filter=GridMapTest.CheckObstacleMapImageWithDecomposition" "--gtest_also_run_disabled_tests"
Directory: /home/peera/A-star-algorithm/build
"GridMapTest.CheckObstacleMapImageWithDecomposition" start time: Oct 19 00:09 EDT
Output:
----------------------------------------------------------
Running main() from /home/peera/A-star-algorithm/build/_deps/googletest-src/googletest/src/gtest_main.cc
Note: Google Test filter = GridMapTest.CheckObstacleMapImageWithDecomposition
[==========] Running 1 test from 1 test suite.
[----------] Global test environment set-up.
[----------] 1 test from GridMapTest
[ RUN      ] GridMapTest.CheckObstacleMapImageWithDecomposition
Image directory: "/home/peera/A-star-algorithm/images"
Loading map from file: test9.png
Loading image file test9.png
Image does not have alpha channel.
First ten elements of normalized matrix:
0 0 0 0 0 0 0 0 0 0 0 0 0 0 0 0 0 0 0 0 
Applying matrix decomposition with resolution: 2
Coarse matrix dimensions: 297 x 249
Random grid data value: 0
[       OK ] GridMapTest.CheckObstacleMapImageWithDecomposition (154 ms)
[----------] 1 test from GridMapTest (154 ms total)

[----------] Global test environment tear-down
[==========] 1 test from 1 test suite ran. (154 ms total)
[  PASSED  ] 1 test.
<end of output>
Test time =   0.20 sec
----------------------------------------------------------
Test Passed.
"GridMapTest.CheckObstacleMapImageWithDecomposition" end time: Oct 19 00:09 EDT
"GridMapTest.CheckObstacleMapImageWithDecomposition" time elapsed: 00:00:00
----------------------------------------------------------

12/24 Testing: AstarSearchTest.CheckPathFoundReturned
12/24 Test: AstarSearchTest.CheckPathFoundReturned
Command: "/home/peera/A-star-algorithm/build/astar_test" "--gtest_filter=AstarSearchTest.CheckPathFoundReturned" "--gtest_also_run_disabled_tests"
Directory: /home/peera/A-star-algorithm/build
"AstarSearchTest.CheckPathFoundReturned" start time: Oct 19 00:09 EDT
Output:
----------------------------------------------------------
Running main() from /home/peera/A-star-algorithm/build/_deps/googletest-src/googletest/src/gtest_main.cc
Note: Google Test filter = AstarSearchTest.CheckPathFoundReturned
[==========] Running 1 test from 1 test suite.
[----------] Global test environment set-up.
[----------] 1 test from AstarSearchTest
[ RUN      ] AstarSearchTest.CheckPathFoundReturned
Image directory: "/home/peera/A-star-algorithm/images"
Loading map from file: test1.png
Loading image file test1.png
Image does not have alpha channel.
First ten elements of normalized matrix:
0 0 0 0 0 0 0 0 0 0 0 0 0 0 0 0 0 0 0 0 
Applying matrix decomposition with resolution: 4
Coarse matrix dimensions: 50 x 25
Random grid data value: 0
A* Search Initialized
[       OK ] AstarSearchTest.CheckPathFoundReturned (68 ms)
[----------] 1 test from AstarSearchTest (68 ms total)

[----------] Global test environment tear-down
[==========] 1 test from 1 test suite ran. (68 ms total)
[  PASSED  ] 1 test.
<end of output>
Test time =   0.12 sec
----------------------------------------------------------
Test Passed.
"AstarSearchTest.CheckPathFoundReturned" end time: Oct 19 00:09 EDT
"AstarSearchTest.CheckPathFoundReturned" time elapsed: 00:00:00
----------------------------------------------------------

13/24 Testing: AstarSearchTest.PrintMapPathMapScaling
13/24 Test: AstarSearchTest.PrintMapPathMapScaling
Command: "/home/peera/A-star-algorithm/build/astar_test" "--gtest_filter=AstarSearchTest.PrintMapPathMapScaling" "--gtest_also_run_disabled_tests"
Directory: /home/peera/A-star-algorithm/build
"AstarSearchTest.PrintMapPathMapScaling" start time: Oct 19 00:09 EDT
Output:
----------------------------------------------------------
Running main() from /home/peera/A-star-algorithm/build/_deps/googletest-src/googletest/src/gtest_main.cc
Note: Google Test filter = AstarSearchTest.PrintMapPathMapScaling
[==========] Running 1 test from 1 test suite.
[----------] Global test environment set-up.
[----------] 1 test from AstarSearchTest
[ RUN      ] AstarSearchTest.PrintMapPathMapScaling
Image directory: "/home/peera/A-star-algorithm/images"
Loading map from file: test1.png
Loading image file test1.png
Image does not have alpha channel.
First ten elements of normalized matrix:
0 0 0 0 0 0 0 0 0 0 0 0 0 0 0 0 0 0 0 0 
Applying matrix decomposition with resolution: 4
Coarse matrix dimensions: 50 x 25
Random grid data value: 0
Grid width: 50, height: 25
A* Search Initialized
Size of shortest path: 40
(10,10) (11,10) (12,10) (13,10) (14,10) (15,10) (16,10) (17,10) (18,10) (19,10) (20,10) (21,10) (22,11) (23,11) (24,12) (25,12) (26,13) (27,13) (28,13) (29,14) (30,14) (31,15) (32,15) (33,16) (34,16) (35,16) (36,16) (37,16) (38,16) (39,16) (40,17) (41,18) (42,19) (43,20) (44,21) (45,21) (46,22) (47,22) (48,23) (49,23) 
Path image saved to: "/home/peera/A-star-algorithm/images/output_path1.png"
[       OK ] AstarSearchTest.PrintMapPathMapScaling (74 ms)
[----------] 1 test from AstarSearchTest (74 ms total)

[----------] Global test environment tear-down
[==========] 1 test from 1 test suite ran. (74 ms total)
[  PASSED  ] 1 test.
<end of output>
Test time =   0.13 sec
----------------------------------------------------------
Test Passed.
"AstarSearchTest.PrintMapPathMapScaling" end time: Oct 19 00:09 EDT
"AstarSearchTest.PrintMapPathMapScaling" time elapsed: 00:00:00
----------------------------------------------------------

14/24 Testing: AstarSearchTest.PrintMapPathMapNoScale
14/24 Test: AstarSearchTest.PrintMapPathMapNoScale
Command: "/home/peera/A-star-algorithm/build/astar_test" "--gtest_filter=AstarSearchTest.PrintMapPathMapNoScale" "--gtest_also_run_disabled_tests"
Directory: /home/peera/A-star-algorithm/build
"AstarSearchTest.PrintMapPathMapNoScale" start time: Oct 19 00:09 EDT
Output:
----------------------------------------------------------
Running main() from /home/peera/A-star-algorithm/build/_deps/googletest-src/googletest/src/gtest_main.cc
Note: Google Test filter = AstarSearchTest.PrintMapPathMapNoScale
[==========] Running 1 test from 1 test suite.
[----------] Global test environment set-up.
[----------] 1 test from AstarSearchTest
[ RUN      ] AstarSearchTest.PrintMapPathMapNoScale
Image directory: "/home/peera/A-star-algorithm/images"
Loading map from file: test1.png
Loading image file test1.png
Image does not have alpha channel.
First ten elements of normalized matrix:
0 0 0 0 0 0 0 0 0 0 0 0 0 0 0 0 0 0 0 0 
No matrix decomposition applied.
First ten elements of initialized result matrix:
-1 -1 -1 -1 -1 -1 -1 -1 -1 -1 -1 -1 -1 -1 -1 -1 -1 -1 -1 -1 First ten elements of result matrix:
0 0 0 0 0 0 0 0 0 0 0 0 0 0 0 0 0 0 0 0 
Random grid data value: 0
Grid width: 200, height: 100
A* Search Initialized
Size of shortest path: 40
(10,10) (11,10) (12,10) (13,10) (14,10) (15,10) (16,10) (17,10) (18,10) (19,10) (20,10) (21,10) (22,11) (23,11) (24,12) (25,12) (26,13) (27,13) (28,13) (29,14) (30,14) (31,15) (32,15) (33,16) (34,16) (35,16) (36,16) (37,16) (38,16) (39,16) (40,17) (41,18) (42,19) (43,20) (44,21) (45,21) (46,22) (47,22) (48,23) (49,23) 
Path image saved to: "/home/peera/A-star-algorithm/images/output_path2.png"
[       OK ] AstarSearchTest.PrintMapPathMapNoScale (83 ms)
[----------] 1 test from AstarSearchTest (83 ms total)

[----------] Global test environment tear-down
[==========] 1 test from 1 test suite ran. (83 ms total)
[  PASSED  ] 1 test.
<end of output>
Test time =   0.13 sec
----------------------------------------------------------
Test Passed.
"AstarSearchTest.PrintMapPathMapNoScale" end time: Oct 19 00:09 EDT
"AstarSearchTest.PrintMapPathMapNoScale" time elapsed: 00:00:00
----------------------------------------------------------

15/24 Testing: AstarSearchTest.NoPathFound
15/24 Test: AstarSearchTest.NoPathFound
Command: "/home/peera/A-star-algorithm/build/astar_test" "--gtest_filter=AstarSearchTest.NoPathFound" "--gtest_also_run_disabled_tests"
Directory: /home/peera/A-star-algorithm/build
"AstarSearchTest.NoPathFound" start time: Oct 19 00:09 EDT
Output:
----------------------------------------------------------
Running main() from /home/peera/A-star-algorithm/build/_deps/googletest-src/googletest/src/gtest_main.cc
Note: Google Test filter = AstarSearchTest.NoPathFound
[==========] Running 1 test from 1 test suite.
[----------] Global test environment set-up.
[----------] 1 test from AstarSearchTest
[ RUN      ] AstarSearchTest.NoPathFound
Image directory: "/home/peera/A-star-algorithm/images"
Loading map from file: test2.png
Loading image file test2.png
Image does not have alpha channel.
First ten elements of normalized matrix:
1 1 1 1 1 1 1 1 1 1 1 1 1 1 1 1 1 1 1 1 
No matrix decomposition applied.
First ten elements of initialized result matrix:
-1 -1 -1 -1 -1 -1 -1 -1 -1 -1 -1 -1 -1 -1 -1 -1 -1 -1 -1 -1 First ten elements of result matrix:
100 100 100 100 100 100 100 100 100 100 100 100 100 100 100 100 100 100 100 100 
Random grid data value: 100
Grid width: 200, height: 100
Start cell is not free
[       OK ] AstarSearchTest.NoPathFound (13 ms)
[----------] 1 test from AstarSearchTest (13 ms total)

[----------] Global test environment tear-down
[==========] 1 test from 1 test suite ran. (13 ms total)
[  PASSED  ] 1 test.
<end of output>
Test time =   0.06 sec
----------------------------------------------------------
Test Passed.
"AstarSearchTest.NoPathFound" end time: Oct 19 00:09 EDT
"AstarSearchTest.NoPathFound" time elapsed: 00:00:00
----------------------------------------------------------

16/24 Testing: AstarSearchTest.PathWithObstacles
16/24 Test: AstarSearchTest.PathWithObstacles
Command: "/home/peera/A-star-algorithm/build/astar_test" "--gtest_filter=AstarSearchTest.PathWithObstacles" "--gtest_also_run_disabled_tests"
Directory: /home/peera/A-star-algorithm/build
"AstarSearchTest.PathWithObstacles" start time: Oct 19 00:09 EDT
Output:
----------------------------------------------------------
Running main() from /home/peera/A-star-algorithm/build/_deps/googletest-src/googletest/src/gtest_main.cc
Note: Google Test filter = AstarSearchTest.PathWithObstacles
[==========] Running 1 test from 1 test suite.
[----------] Global test environment set-up.
[----------] 1 test from AstarSearchTest
[ RUN      ] AstarSearchTest.PathWithObstacles
Image directory: "/home/peera/A-star-algorithm/images"
Loading map from file: test3.png
Loading image file test3.png
Image does not have alpha channel.
First ten elements of normalized matrix:
0 0 0 0 0 0 0 0 0 0 0 0 0 0 0 0 0 0 0 0 
No matrix decomposition applied.
First ten elements of initialized result matrix:
-1 -1 -1 -1 -1 -1 -1 -1 -1 -1 -1 -1 -1 -1 -1 -1 -1 -1 -1 -1 First ten elements of result matrix:
0 0 0 0 0 0 0 0 0 0 0 0 0 0 0 0 0 0 0 0 
Random grid data value: 0
Grid width: 200, height: 200
A* Search Initialized
Path image saved to: "/home/peera/A-star-algorithm/images/output_path3.png"
[       OK ] AstarSearchTest.PathWithObstacles (11203 ms)
[----------] 1 test from AstarSearchTest (11203 ms total)

[----------] Global test environment tear-down
[==========] 1 test from 1 test suite ran. (11203 ms total)
[  PASSED  ] 1 test.
<end of output>
Test time =  11.25 sec
----------------------------------------------------------
Test Passed.
"AstarSearchTest.PathWithObstacles" end time: Oct 19 00:10 EDT
"AstarSearchTest.PathWithObstacles" time elapsed: 00:00:11
----------------------------------------------------------

17/24 Testing: AstarSearchTest.PathScalingWithObstacles
17/24 Test: AstarSearchTest.PathScalingWithObstacles
Command: "/home/peera/A-star-algorithm/build/astar_test" "--gtest_filter=AstarSearchTest.PathScalingWithObstacles" "--gtest_also_run_disabled_tests"
Directory: /home/peera/A-star-algorithm/build
"AstarSearchTest.PathScalingWithObstacles" start time: Oct 19 00:10 EDT
Output:
----------------------------------------------------------
Running main() from /home/peera/A-star-algorithm/build/_deps/googletest-src/googletest/src/gtest_main.cc
Note: Google Test filter = AstarSearchTest.PathScalingWithObstacles
[==========] Running 1 test from 1 test suite.
[----------] Global test environment set-up.
[----------] 1 test from AstarSearchTest
[ RUN      ] AstarSearchTest.PathScalingWithObstacles
Image directory: "/home/peera/A-star-algorithm/images"
Loading map from file: test3.png
Loading image file test3.png
Image does not have alpha channel.
First ten elements of normalized matrix:
0 0 0 0 0 0 0 0 0 0 0 0 0 0 0 0 0 0 0 0 
Applying matrix decomposition with resolution: 4
Coarse matrix dimensions: 50 x 50
Random grid data value: 100
Grid width: 50, height: 50
A* Search Initialized
Path image saved to: "/home/peera/A-star-algorithm/images/output_path4.png"
[       OK ] AstarSearchTest.PathScalingWithObstacles (58 ms)
[----------] 1 test from AstarSearchTest (58 ms total)

[----------] Global test environment tear-down
[==========] 1 test from 1 test suite ran. (58 ms total)
[  PASSED  ] 1 test.
<end of output>
Test time =   0.08 sec
----------------------------------------------------------
Test Passed.
"AstarSearchTest.PathScalingWithObstacles" end time: Oct 19 00:10 EDT
"AstarSearchTest.PathScalingWithObstacles" time elapsed: 00:00:00
----------------------------------------------------------

18/24 Testing: AstarSearchTest.GradientMap
18/24 Test: AstarSearchTest.GradientMap
Command: "/home/peera/A-star-algorithm/build/astar_test" "--gtest_filter=AstarSearchTest.GradientMap" "--gtest_also_run_disabled_tests"
Directory: /home/peera/A-star-algorithm/build
"AstarSearchTest.GradientMap" start time: Oct 19 00:10 EDT
Output:
----------------------------------------------------------
Running main() from /home/peera/A-star-algorithm/build/_deps/googletest-src/googletest/src/gtest_main.cc
Note: Google Test filter = AstarSearchTest.GradientMap
[==========] Running 1 test from 1 test suite.
[----------] Global test environment set-up.
[----------] 1 test from AstarSearchTest
[ RUN      ] AstarSearchTest.GradientMap
Image directory: "/home/peera/A-star-algorithm/images"
Loading map from file: test4.png
Loading image file test4.png
Image does not have alpha channel.
First ten elements of normalized matrix:
1 0.994995 0.990005 0.985 0.979995 0.975006 0.970001 0.964996 0.960006 0.955001 0.949996 0.945006 0.940002 0.934997 0.930007 0.925002 0.919997 0.915007 0.910002 0.904997 
No matrix decomposition applied.
First ten elements of initialized result matrix:
-1 -1 -1 -1 -1 -1 -1 -1 -1 -1 -1 -1 -1 -1 -1 -1 -1 -1 -1 -1 First ten elements of result matrix:
100 100 100 100 100 100 100 100 100 100 100 100 100 100 100 100 100 100 100 100 
Random grid data value: 0
Grid width: 200, height: 100
A* Search Initialized
Path image saved to: "/home/peera/A-star-algorithm/images/output_path5.png"
[       OK ] AstarSearchTest.GradientMap (79 ms)
[----------] 1 test from AstarSearchTest (79 ms total)

[----------] Global test environment tear-down
[==========] 1 test from 1 test suite ran. (79 ms total)
[  PASSED  ] 1 test.
<end of output>
Test time =   0.10 sec
----------------------------------------------------------
Test Passed.
"AstarSearchTest.GradientMap" end time: Oct 19 00:10 EDT
"AstarSearchTest.GradientMap" time elapsed: 00:00:00
----------------------------------------------------------

19/24 Testing: AstarSearchTest.RealMap
19/24 Test: AstarSearchTest.RealMap
Command: "/home/peera/A-star-algorithm/build/astar_test" "--gtest_filter=AstarSearchTest.RealMap" "--gtest_also_run_disabled_tests"
Directory: /home/peera/A-star-algorithm/build
"AstarSearchTest.RealMap" start time: Oct 19 00:10 EDT
Output:
----------------------------------------------------------
Running main() from /home/peera/A-star-algorithm/build/_deps/googletest-src/googletest/src/gtest_main.cc
Note: Google Test filter = AstarSearchTest.RealMap
[==========] Running 1 test from 1 test suite.
[----------] Global test environment set-up.
[----------] 1 test from AstarSearchTest
[ RUN      ] AstarSearchTest.RealMap
Image directory: "/home/peera/A-star-algorithm/images"
Loading map from file: test9.png
Loading image file test9.png
Image does not have alpha channel.
First ten elements of normalized matrix:
0 0 0 0 0 0 0 0 0 0 0 0 0 0 0 0 0 0 0 0 
No matrix decomposition applied.
First ten elements of initialized result matrix:
-1 -1 -1 -1 -1 -1 -1 -1 -1 -1 -1 -1 -1 -1 -1 -1 -1 -1 -1 -1 First ten elements of result matrix:
0 0 0 0 0 0 0 0 0 0 0 0 0 0 0 0 0 0 0 0 
Random grid data value: 0
Grid width: 594, height: 497
A* Search Initialized
Path image saved to: "/home/peera/A-star-algorithm/images/output_path6.png"
[       OK ] AstarSearchTest.RealMap (24194 ms)
[----------] 1 test from AstarSearchTest (24194 ms total)

[----------] Global test environment tear-down
[==========] 1 test from 1 test suite ran. (24194 ms total)
[  PASSED  ] 1 test.
<end of output>
Test time =  24.21 sec
----------------------------------------------------------
Test Passed.
"AstarSearchTest.RealMap" end time: Oct 19 00:10 EDT
"AstarSearchTest.RealMap" time elapsed: 00:00:24
----------------------------------------------------------

20/24 Testing: AstarSearchTest.RealMapScaling
20/24 Test: AstarSearchTest.RealMapScaling
Command: "/home/peera/A-star-algorithm/build/astar_test" "--gtest_filter=AstarSearchTest.RealMapScaling" "--gtest_also_run_disabled_tests"
Directory: /home/peera/A-star-algorithm/build
"AstarSearchTest.RealMapScaling" start time: Oct 19 00:10 EDT
Output:
----------------------------------------------------------
Running main() from /home/peera/A-star-algorithm/build/_deps/googletest-src/googletest/src/gtest_main.cc
Note: Google Test filter = AstarSearchTest.RealMapScaling
[==========] Running 1 test from 1 test suite.
[----------] Global test environment set-up.
[----------] 1 test from AstarSearchTest
[ RUN      ] AstarSearchTest.RealMapScaling
Image directory: "/home/peera/A-star-algorithm/images"
Loading map from file: test9.png
Loading image file test9.png
Image does not have alpha channel.
First ten elements of normalized matrix:
0 0 0 0 0 0 0 0 0 0 0 0 0 0 0 0 0 0 0 0 
Applying matrix decomposition with resolution: 2
Coarse matrix dimensions: 297 x 249
Random grid data value: 0
Grid width: 297, height: 249
A* Search Initialized
Path image saved to: "/home/peera/A-star-algorithm/images/output_path7.png"
[       OK ] AstarSearchTest.RealMapScaling (2704 ms)
[----------] 1 test from AstarSearchTest (2704 ms total)

[----------] Global test environment tear-down
[==========] 1 test from 1 test suite ran. (2704 ms total)
[  PASSED  ] 1 test.
<end of output>
Test time =   2.73 sec
----------------------------------------------------------
Test Passed.
"AstarSearchTest.RealMapScaling" end time: Oct 19 00:10 EDT
"AstarSearchTest.RealMapScaling" time elapsed: 00:00:02
----------------------------------------------------------

21/24 Testing: AstarSearchTest.RealMapGoalBlocked
21/24 Test: AstarSearchTest.RealMapGoalBlocked
Command: "/home/peera/A-star-algorithm/build/astar_test" "--gtest_filter=AstarSearchTest.RealMapGoalBlocked" "--gtest_also_run_disabled_tests"
Directory: /home/peera/A-star-algorithm/build
"AstarSearchTest.RealMapGoalBlocked" start time: Oct 19 00:10 EDT
Output:
----------------------------------------------------------
Running main() from /home/peera/A-star-algorithm/build/_deps/googletest-src/googletest/src/gtest_main.cc
Note: Google Test filter = AstarSearchTest.RealMapGoalBlocked
[==========] Running 1 test from 1 test suite.
[----------] Global test environment set-up.
[----------] 1 test from AstarSearchTest
[ RUN      ] AstarSearchTest.RealMapGoalBlocked
Image directory: "/home/peera/A-star-algorithm/images"
Loading map from file: test9.png
Loading image file test9.png
Image does not have alpha channel.
First ten elements of normalized matrix:
0 0 0 0 0 0 0 0 0 0 0 0 0 0 0 0 0 0 0 0 
Applying matrix decomposition with resolution: 2
Coarse matrix dimensions: 297 x 249
Random grid data value: 0
Grid width: 297, height: 249
A* Search Initialized
No path found from start to goal.
[       OK ] AstarSearchTest.RealMapGoalBlocked (10295 ms)
[----------] 1 test from AstarSearchTest (10295 ms total)

[----------] Global test environment tear-down
[==========] 1 test from 1 test suite ran. (10295 ms total)
[  PASSED  ] 1 test.
<end of output>
Test time =  10.32 sec
----------------------------------------------------------
Test Passed.
"AstarSearchTest.RealMapGoalBlocked" end time: Oct 19 00:10 EDT
"AstarSearchTest.RealMapGoalBlocked" time elapsed: 00:00:10
----------------------------------------------------------

22/24 Testing: AstarSearchTest.NarrowCorridors
22/24 Test: AstarSearchTest.NarrowCorridors
Command: "/home/peera/A-star-algorithm/build/astar_test" "--gtest_filter=AstarSearchTest.NarrowCorridors" "--gtest_also_run_disabled_tests"
Directory: /home/peera/A-star-algorithm/build
"AstarSearchTest.NarrowCorridors" start time: Oct 19 00:10 EDT
Output:
----------------------------------------------------------
Running main() from /home/peera/A-star-algorithm/build/_deps/googletest-src/googletest/src/gtest_main.cc
Note: Google Test filter = AstarSearchTest.NarrowCorridors
[==========] Running 1 test from 1 test suite.
[----------] Global test environment set-up.
[----------] 1 test from AstarSearchTest
[ RUN      ] AstarSearchTest.NarrowCorridors
Image directory: "/home/peera/A-star-algorithm/images"
Loading map from file: andino_office.png
Loading image file andino_office.png
Image does not have alpha channel.
First ten elements of normalized matrix:
0 0 0 0 0 0 0 0 0 0 0 0 0 0 0 0 0 0 0 0 
Applying matrix decomposition with resolution: 2
Coarse matrix dimensions: 827 x 585
Random grid data value: 100
Grid width: 827, height: 585
A* Search Initialized
Path image saved to: "/home/peera/A-star-algorithm/images/output_path8.png"
[       OK ] AstarSearchTest.NarrowCorridors (1503 ms)
[----------] 1 test from AstarSearchTest (1503 ms total)

[----------] Global test environment tear-down
[==========] 1 test from 1 test suite ran. (1503 ms total)
[  PASSED  ] 1 test.
<end of output>
Test time =   1.53 sec
----------------------------------------------------------
Test Passed.
"AstarSearchTest.NarrowCorridors" end time: Oct 19 00:10 EDT
"AstarSearchTest.NarrowCorridors" time elapsed: 00:00:01
----------------------------------------------------------

23/24 Testing: AstarSearchTest.NarrowCorridorsScalingUp1
23/24 Test: AstarSearchTest.NarrowCorridorsScalingUp1
Command: "/home/peera/A-star-algorithm/build/astar_test" "--gtest_filter=AstarSearchTest.NarrowCorridorsScalingUp1" "--gtest_also_run_disabled_tests"
Directory: /home/peera/A-star-algorithm/build
"AstarSearchTest.NarrowCorridorsScalingUp1" start time: Oct 19 00:10 EDT
Output:
----------------------------------------------------------
Running main() from /home/peera/A-star-algorithm/build/_deps/googletest-src/googletest/src/gtest_main.cc
Note: Google Test filter = AstarSearchTest.NarrowCorridorsScalingUp1
[==========] Running 1 test from 1 test suite.
[----------] Global test environment set-up.
[----------] 1 test from AstarSearchTest
[ RUN      ] AstarSearchTest.NarrowCorridorsScalingUp1
Image directory: "/home/peera/A-star-algorithm/images"
Loading map from file: andino_office.png
Loading image file andino_office.png
Image does not have alpha channel.
First ten elements of normalized matrix:
0 0 0 0 0 0 0 0 0 0 0 0 0 0 0 0 0 0 0 0 
Applying matrix decomposition with resolution: 3
Coarse matrix dimensions: 552 x 390
Random grid data value: 0
Grid width: 552, height: 390
A* Search Initialized
Path image saved to: "/home/peera/A-star-algorithm/images/output_path9.png"
[       OK ] AstarSearchTest.NarrowCorridorsScalingUp1 (560 ms)
[----------] 1 test from AstarSearchTest (560 ms total)

[----------] Global test environment tear-down
[==========] 1 test from 1 test suite ran. (560 ms total)
[  PASSED  ] 1 test.
<end of output>
Test time =   0.58 sec
----------------------------------------------------------
Test Passed.
"AstarSearchTest.NarrowCorridorsScalingUp1" end time: Oct 19 00:10 EDT
"AstarSearchTest.NarrowCorridorsScalingUp1" time elapsed: 00:00:00
----------------------------------------------------------

24/24 Testing: AstarSearchTest.NarrowCorridorsScalingUp2
24/24 Test: AstarSearchTest.NarrowCorridorsScalingUp2
Command: "/home/peera/A-star-algorithm/build/astar_test" "--gtest_filter=AstarSearchTest.NarrowCorridorsScalingUp2" "--gtest_also_run_disabled_tests"
Directory: /home/peera/A-star-algorithm/build
"AstarSearchTest.NarrowCorridorsScalingUp2" start time: Oct 19 00:10 EDT
Output:
----------------------------------------------------------
Running main() from /home/peera/A-star-algorithm/build/_deps/googletest-src/googletest/src/gtest_main.cc
Note: Google Test filter = AstarSearchTest.NarrowCorridorsScalingUp2
[==========] Running 1 test from 1 test suite.
[----------] Global test environment set-up.
[----------] 1 test from AstarSearchTest
[ RUN      ] AstarSearchTest.NarrowCorridorsScalingUp2
Image directory: "/home/peera/A-star-algorithm/images"
Loading map from file: andino_office.png
Loading image file andino_office.png
Image does not have alpha channel.
First ten elements of normalized matrix:
0 0 0 0 0 0 0 0 0 0 0 0 0 0 0 0 0 0 0 0 
Applying matrix decomposition with resolution: 4
Coarse matrix dimensions: 414 x 293
Random grid data value: 0
Grid width: 414, height: 293
A* Search Initialized
Path image saved to: "/home/peera/A-star-algorithm/images/output_path10.png"
[       OK ] AstarSearchTest.NarrowCorridorsScalingUp2 (318 ms)
[----------] 1 test from AstarSearchTest (318 ms total)

[----------] Global test environment tear-down
[==========] 1 test from 1 test suite ran. (319 ms total)
[  PASSED  ] 1 test.
<end of output>
Test time =   0.34 sec
----------------------------------------------------------
Test Passed.
"AstarSearchTest.NarrowCorridorsScalingUp2" end time: Oct 19 00:10 EDT
"AstarSearchTest.NarrowCorridorsScalingUp2" time elapsed: 00:00:00
----------------------------------------------------------

End testing: Oct 19 00:10 EDT
